<?xml version="1.0" encoding="UTF-8" ?>
<testsuite failures="2" time="0.022" errors="0" skipped="0" tests="16" name="com.Cucumber.CurrencyTest">
  <properties>
    <property name="java.runtime.name" value="Java(TM) SE Runtime Environment"/>
    <property name="sun.boot.library.path" value="C:\Program Files\Java\jdk1.7.0_51\jre\bin"/>
    <property name="java.vm.version" value="24.51-b03"/>
    <property name="java.vm.vendor" value="Oracle Corporation"/>
    <property name="java.vendor.url" value="http://java.oracle.com/"/>
    <property name="path.separator" value=";"/>
    <property name="guice.disable.misplaced.annotation.check" value="true"/>
    <property name="java.vm.name" value="Java HotSpot(TM) 64-Bit Server VM"/>
    <property name="file.encoding.pkg" value="sun.io"/>
    <property name="user.script" value=""/>
    <property name="user.country" value="US"/>
    <property name="sun.java.launcher" value="SUN_STANDARD"/>
    <property name="sun.os.patch.level" value="Service Pack 1"/>
    <property name="java.vm.specification.name" value="Java Virtual Machine Specification"/>
    <property name="user.dir" value="C:\Users\shumail.qureshi\Desktop\Cucumber"/>
    <property name="java.runtime.version" value="1.7.0_51-b13"/>
    <property name="java.awt.graphicsenv" value="sun.awt.Win32GraphicsEnvironment"/>
    <property name="java.endorsed.dirs" value="C:\Program Files\Java\jdk1.7.0_51\jre\lib\endorsed"/>
    <property name="os.arch" value="amd64"/>
    <property name="java.io.tmpdir" value="C:\Users\SHUMAI~1.QUR\AppData\Local\Temp\"/>
    <property name="line.separator" value="
"/>
    <property name="java.vm.specification.vendor" value="Oracle Corporation"/>
    <property name="user.variant" value=""/>
    <property name="os.name" value="Windows 7"/>
    <property name="classworlds.conf" value="C:\Program Files\apache-maven\bin\m2.conf"/>
    <property name="sun.jnu.encoding" value="Cp1252"/>
    <property name="java.library.path" value="C:\Program Files\Java\jdk1.7.0_51\bin;C:\Windows\Sun\Java\bin;C:\Windows\system32;C:\Windows;C:\Windows\system32;C:\Windows;C:\Windows\System32\Wbem;C:\Windows\System32\WindowsPowerShell\v1.0\;c:\Program Files (x86)\Microsoft SQL Server\100\Tools\Binn\;c:\Program Files (x86)\Microsoft SQL Server\100\DTS\Binn\;c:\Program Files (x86)\Microsoft SQL Server\100\Tools\Binn\VSShell\Common7\IDE\;c:\Program Files (x86)\Microsoft Visual Studio 9.0\Common7\IDE\PrivateAssemblies\;C:\Program Files\apache-maven\bin;C:\Program Files\Java\jdk1.7.0_51\bin;;."/>
    <property name="java.specification.name" value="Java Platform API Specification"/>
    <property name="java.class.version" value="51.0"/>
    <property name="sun.management.compiler" value="HotSpot 64-Bit Tiered Compilers"/>
    <property name="os.version" value="6.1"/>
    <property name="user.home" value="C:\Users\shumail.qureshi"/>
    <property name="user.timezone" value="Asia/Karachi"/>
    <property name="java.awt.printerjob" value="sun.awt.windows.WPrinterJob"/>
    <property name="java.specification.version" value="1.7"/>
    <property name="file.encoding" value="Cp1252"/>
    <property name="user.name" value="shumail.qureshi"/>
    <property name="java.class.path" value="C:\Program Files\apache-maven\boot\plexus-classworlds-2.5.1.jar"/>
    <property name="java.vm.specification.version" value="1.7"/>
    <property name="sun.arch.data.model" value="64"/>
    <property name="java.home" value="C:\Program Files\Java\jdk1.7.0_51\jre"/>
    <property name="sun.java.command" value="org.codehaus.plexus.classworlds.launcher.Launcher test"/>
    <property name="java.specification.vendor" value="Oracle Corporation"/>
    <property name="user.language" value="en"/>
    <property name="awt.toolkit" value="sun.awt.windows.WToolkit"/>
    <property name="java.vm.info" value="mixed mode"/>
    <property name="java.version" value="1.7.0_51"/>
    <property name="java.ext.dirs" value="C:\Program Files\Java\jdk1.7.0_51\jre\lib\ext;C:\Windows\Sun\Java\lib\ext"/>
    <property name="sun.boot.class.path" value="C:\Program Files\Java\jdk1.7.0_51\jre\lib\resources.jar;C:\Program Files\Java\jdk1.7.0_51\jre\lib\rt.jar;C:\Program Files\Java\jdk1.7.0_51\jre\lib\sunrsasign.jar;C:\Program Files\Java\jdk1.7.0_51\jre\lib\jsse.jar;C:\Program Files\Java\jdk1.7.0_51\jre\lib\jce.jar;C:\Program Files\Java\jdk1.7.0_51\jre\lib\charsets.jar;C:\Program Files\Java\jdk1.7.0_51\jre\lib\jfr.jar;C:\Program Files\Java\jdk1.7.0_51\jre\classes"/>
    <property name="java.vendor" value="Oracle Corporation"/>
    <property name="maven.home" value="C:\Program Files\apache-maven"/>
    <property name="file.separator" value="\"/>
    <property name="java.vendor.url.bug" value="http://bugreport.sun.com/bugreport/"/>
    <property name="sun.cpu.endian" value="little"/>
    <property name="sun.io.unicode.encoding" value="UnicodeLittle"/>
    <property name="sun.desktop" value="windows"/>
    <property name="sun.cpu.isalist" value="amd64"/>
  </properties>
  <testcase time="0" classname="Scenario: Open MicroStrategy" name="Given I open the login \/MicroStrategy\/asp\/Main.aspx page"/>
  <testcase time="0" classname="Scenario: Open MicroStrategy" name="When I enter Administrator in the Uid field"/>
  <testcase time="0" classname="Scenario: Open MicroStrategy" name="When I enter PutnaM@123 in the Pwd field"/>
  <testcase time="0" classname="Scenario: Open MicroStrategy" name="And I click on the button 3054"/>
  <testcase time="0" classname="Scenario: Open MicroStrategy" name="When I click on the element using Xpath \/\/*[@id=\&quot;projects_ProjectsStyle\&quot;]\/table\/tbody\/tr[2]\/td[1]\/div\/table\/tbody\/tr\/td[2]\/a"/>
  <testcase time="0.001" classname="Scenario: Open MicroStrategy" name="When I wait for dktpSectionView to visible"/>
  <testcase time="0.001" classname="Scenario: Open MicroStrategy" name="When I click on the element using Xpath \/\/*[@id=\&quot;dktpSectionView\&quot;]\/a[1]"/>
  <testcase time="0" classname="Scenario: Open MicroStrategy" name="When I wait for folderAllModes to visible"/>
  <testcase time="0" classname="Scenario: Open MicroStrategy" name="And I wait some seconds"/>
  <testcase time="0" classname="Scenario: Open MicroStrategy" name="When I click on the element using Xpath \/\/*[@id=\&quot;FolderIcons\&quot;]\/tbody\/tr[1]\/td[2]\/div"/>
  <testcase time="0" classname="Scenario: Open MicroStrategy" name="And I wait some seconds"/>
  <testcase time="0" classname="Scenario: Open MicroStrategy" name="And I wait some seconds"/>
  <testcase time="0" classname="Scenario: Open MicroStrategy" name="When I click on the element using Xpath  \/\/*[@id=\&quot;FolderIcons\&quot;]\/tbody\/tr[2]\/td[1]\/div"/>
  <testcase time="0" classname="Scenario: Open MicroStrategy" name="And I wait some seconds"/>
  <testcase time="0.01" classname="Scenario: Open MicroStrategy" name="And I CompareData for Currency">
    <failure message="expected:&lt;[-937266]&gt; but was:&lt;[]&gt;" type="java.lang.AssertionError">java.lang.AssertionError: expected:&lt;[-937266]&gt; but was:&lt;[]&gt;
	at org.junit.Assert.fail(Assert.java:88)
	at org.junit.Assert.failNotEquals(Assert.java:743)
	at org.junit.Assert.assertEquals(Assert.java:118)
	at org.junit.Assert.assertEquals(Assert.java:144)
	at com.Cucumber.PageStepDefs.CompareCurrencyData(PageStepDefs.java:515)
	at ✽.And I CompareData for Currency(com/Cucumber/Currency.feature:28)
</failure>
    <system-out>Connection to Postgresql is successfull
The DB Query is running on End Date : 2014-10-31 00:00:00
Results fetched successfully
Total Rows = 0
Table Row Size : 0
UI Values:[]
DB Values:[-937266]
</system-out>
  </testcase>
  <testcase time="0.01" classname="Scenario: Open MicroStrategy" name="Scenario: Open MicroStrategy">
    <failure message="expected:&lt;[-937266]&gt; but was:&lt;[]&gt;" type="java.lang.AssertionError">java.lang.AssertionError: expected:&lt;[-937266]&gt; but was:&lt;[]&gt;
	at org.junit.Assert.fail(Assert.java:88)
	at org.junit.Assert.failNotEquals(Assert.java:743)
	at org.junit.Assert.assertEquals(Assert.java:118)
	at org.junit.Assert.assertEquals(Assert.java:144)
	at com.Cucumber.PageStepDefs.CompareCurrencyData(PageStepDefs.java:515)
	at ✽.And I CompareData for Currency(com/Cucumber/Currency.feature:28)
</failure>
  </testcase>
</testsuite>